[08-Jul-2025 21:06:16 UTC] PHP Fatal error:  Cannot use empty array elements in arrays in /var/www/html/src/model/model-utilisateurs.php on line 74
[08-Jul-2025 22:28:21 UTC] PHP Warning:  require_once(/var/www/html/src/controller/controller-maintenance.php): Failed to open stream: No such file or directory in /var/www/html/public/index.php on line 112
[08-Jul-2025 22:28:21 UTC] PHP Fatal error:  Uncaught Error: Failed opening required '/var/www/html/src/controller/controller-maintenance.php' (include_path='.:/usr/local/lib/php') in /var/www/html/public/index.php:112
Stack trace:
#0 {main}
  thrown in /var/www/html/public/index.php on line 112
[08-Jul-2025 22:28:29 UTC] PHP Fatal error:  Uncaught PDOException: SQLSTATE[42S22]: Column not found: 1054 Unknown column 'u.id_utilisateur' in 'on clause' in /var/www/html/src/model/model-journal.php:48
Stack trace:
#0 /var/www/html/src/model/model-journal.php(48): PDO->prepare('\r\n        SELEC...')
#1 /var/www/html/src/controller/controller-notifications.php(14): getJournalConnexionsWithUsersLimit(10, 0)
#2 /var/www/html/public/index.php(112): require_once('/var/www/html/s...')
#3 {main}
  thrown in /var/www/html/src/model/model-journal.php on line 48
[08-Jul-2025 23:01:17 UTC] PHP Warning:  require_once(/var/www/html/src/controller/controller-maintenance.php): Failed to open stream: No such file or directory in /var/www/html/public/index.php on line 112
[08-Jul-2025 23:01:17 UTC] PHP Fatal error:  Uncaught Error: Failed opening required '/var/www/html/src/controller/controller-maintenance.php' (include_path='.:/usr/local/lib/php') in /var/www/html/public/index.php:112
Stack trace:
#0 {main}
  thrown in /var/www/html/public/index.php on line 112
[08-Jul-2025 23:20:05 UTC] PHP Warning:  require_once(/var/www/html/src/controller/../model/maintenance-model.php): Failed to open stream: No such file or directory in /var/www/html/src/controller/controller-maintenance.php on line 2
[08-Jul-2025 23:20:05 UTC] PHP Fatal error:  Uncaught Error: Failed opening required '/var/www/html/src/controller/../model/maintenance-model.php' (include_path='.:/usr/local/lib/php') in /var/www/html/src/controller/controller-maintenance.php:2
Stack trace:
#0 /var/www/html/public/index.php(112): require_once()
#1 {main}
  thrown in /var/www/html/src/controller/controller-maintenance.php on line 2
[08-Jul-2025 23:22:45 UTC] PHP Warning:  require_once(/var/www/html/src/config/db.php): Failed to open stream: No such file or directory in /var/www/html/src/model/model-maintenance.php on line 2
[08-Jul-2025 23:22:45 UTC] PHP Fatal error:  Uncaught Error: Failed opening required '/var/www/html/src/config/db.php' (include_path='.:/usr/local/lib/php') in /var/www/html/src/model/model-maintenance.php:2
Stack trace:
#0 /var/www/html/src/controller/controller-maintenance.php(2): require_once()
#1 /var/www/html/public/index.php(112): require_once('/var/www/html/s...')
#2 {main}
  thrown in /var/www/html/src/model/model-maintenance.php on line 2
[08-Jul-2025 23:23:55 UTC] PHP Warning:  Undefined variable $db in /var/www/html/src/controller/controller-maintenance.php on line 48
[08-Jul-2025 23:23:55 UTC] PHP Fatal error:  Uncaught TypeError: afficherPageMaintenance(): Argument #1 ($db) must be of type PDO, null given, called in /var/www/html/src/controller/controller-maintenance.php on line 48 and defined in /var/www/html/src/controller/controller-maintenance.php:5
Stack trace:
#0 /var/www/html/src/controller/controller-maintenance.php(48): afficherPageMaintenance(NULL)
#1 /var/www/html/public/index.php(112): require_once('/var/www/html/s...')
#2 {main}
  thrown in /var/www/html/src/controller/controller-maintenance.php on line 5
[08-Jul-2025 23:29:47 UTC] PHP Warning:  Undefined variable $db in /var/www/html/src/controller/controller-maintenance.php on line 50
[08-Jul-2025 23:29:47 UTC] PHP Fatal error:  Uncaught TypeError: afficherPageMaintenance(): Argument #1 ($db) must be of type PDO, null given, called in /var/www/html/src/controller/controller-maintenance.php on line 50 and defined in /var/www/html/src/controller/controller-maintenance.php:7
Stack trace:
#0 /var/www/html/src/controller/controller-maintenance.php(50): afficherPageMaintenance(NULL)
#1 /var/www/html/public/index.php(112): require_once('/var/www/html/s...')
#2 {main}
  thrown in /var/www/html/src/controller/controller-maintenance.php on line 7
[08-Jul-2025 23:33:40 UTC] PHP Warning:  Undefined variable $db in /var/www/html/src/controller/controller-maintenance.php on line 50
[08-Jul-2025 23:33:40 UTC] PHP Fatal error:  Uncaught TypeError: afficherPageMaintenance(): Argument #1 ($db) must be of type PDO, null given, called in /var/www/html/src/controller/controller-maintenance.php on line 50 and defined in /var/www/html/src/controller/controller-maintenance.php:7
Stack trace:
#0 /var/www/html/src/controller/controller-maintenance.php(50): afficherPageMaintenance(NULL)
#1 /var/www/html/public/index.php(112): require_once('/var/www/html/s...')
#2 {main}
  thrown in /var/www/html/src/controller/controller-maintenance.php on line 7
[08-Jul-2025 23:36:06 UTC] PHP Fatal error:  Uncaught Error: Call to undefined function getDB() in /var/www/html/src/controller/controller-maintenance.php:6
Stack trace:
#0 /var/www/html/public/index.php(112): require_once()
#1 {main}
  thrown in /var/www/html/src/controller/controller-maintenance.php on line 6
[08-Jul-2025 23:39:04 UTC] PHP Fatal error:  Uncaught ArgumentCountError: Too few arguments to function getMaintenancesActives(), 0 passed in /var/www/html/src/controller/controller-maintenance.php on line 34 and exactly 1 expected in /var/www/html/src/model/model-maintenance.php:4
Stack trace:
#0 /var/www/html/src/controller/controller-maintenance.php(34): getMaintenancesActives()
#1 /var/www/html/public/index.php(112): require_once('/var/www/html/s...')
#2 {main}
  thrown in /var/www/html/src/model/model-maintenance.php on line 4
[08-Jul-2025 23:39:57 UTC] PHP Fatal error:  Uncaught Error: Call to undefined function getDB() in /var/www/html/src/model/model-maintenance.php:5
Stack trace:
#0 /var/www/html/src/controller/controller-maintenance.php(34): getMaintenancesActives()
#1 /var/www/html/public/index.php(112): require_once('/var/www/html/s...')
#2 {main}
  thrown in /var/www/html/src/model/model-maintenance.php on line 5
[08-Jul-2025 23:40:46 UTC] PHP Fatal error:  Uncaught Error: Call to undefined function getDB() in /var/www/html/src/model/model-maintenance.php:5
Stack trace:
#0 /var/www/html/src/controller/controller-maintenance.php(34): getMaintenancesActives()
#1 /var/www/html/public/index.php(112): require_once('/var/www/html/s...')
#2 {main}
  thrown in /var/www/html/src/model/model-maintenance.php on line 5
[08-Jul-2025 23:40:50 UTC] PHP Fatal error:  Uncaught PDOException: SQLSTATE[42S22]: Column not found: 1054 Unknown column 'u.id_utilisateur' in 'on clause' in /var/www/html/src/model/model-journal.php:48
Stack trace:
#0 /var/www/html/src/model/model-journal.php(48): PDO->prepare('\r\n        SELEC...')
#1 /var/www/html/src/controller/controller-notifications.php(14): getJournalConnexionsWithUsersLimit(10, 0)
#2 /var/www/html/public/index.php(112): require_once('/var/www/html/s...')
#3 {main}
  thrown in /var/www/html/src/model/model-journal.php on line 48
[09-Jul-2025 04:53:13 UTC] PHP Fatal error:  Uncaught Error: Call to undefined function getDB() in /var/www/html/src/model/model-maintenance.php:5
Stack trace:
#0 /var/www/html/src/controller/controller-maintenance.php(34): getMaintenancesActives()
#1 /var/www/html/public/index.php(124): require_once('/var/www/html/s...')
#2 {main}
  thrown in /var/www/html/src/model/model-maintenance.php on line 5
